# JRE version: Java(TM) SE Runtime Environment (20.0.2+9) (build 20.0.2+9-78)
# Java VM: Java HotSpot(TM) 64-Bit Server VM (20.0.2+9-78, mixed mode, sharing, tiered, compressed oops, compressed class ptrs, g1 gc, windows-amd64)
GC Precious Log:
 CardTable entry size: 512
 Card Set container configuration: InlinePtr #cards 5 size 8 Array Of Cards #cards 12 size 40 Howl #buckets 4 coarsen threshold 1843 Howl Bitmap #cards 512 size 80 coarsen threshold 460 Card regions per heap region 1 cards per card region 2048
 CPUs: 4 total, 4 available
 Memory: 3470M
 Large Page Support: Disabled
 NUMA Support: Disabled
 Compressed Oops: Enabled (32-bit)
 Heap Region Size: 1M
 Heap Min Capacity: 8M
 Heap Initial Capacity: 56M
 Heap Max Capacity: 868M
 Pre-touch: Disabled
 Parallel Workers: 4
 Concurrent Workers: 1
 Concurrent Refinement Workers: 4
 Periodic GC: Disabled
Heap:
 garbage-first heap   total 57344K, used 24589K [0x00000000c9c00000, 0x0000000100000000)
  region size 1024K, 20 young (20480K), 3 survivors (3072K)
 Metaspace       used 9727K, committed 9920K, reserved 1114112K
  class space    used 1056K, committed 1152K, reserved 1048576K
GC Heap History (6 events):
Event: 10.426 GC heap before
{Heap before GC invocations=0 (full 0):
 garbage-first heap   total 57344K, used 12288K [0x00000000c9c00000, 0x0000000100000000)
  region size 1024K, 13 young (13312K), 0 survivors (0K)
 Metaspace       used 3341K, committed 3456K, reserved 1114112K
  class space    used 292K, committed 320K, reserved 1048576K
}
Event: 10.437 GC heap after
{Heap after GC invocations=1 (full 0):
 garbage-first heap   total 57344K, used 5056K [0x00000000c9c00000, 0x0000000100000000)
  region size 1024K, 2 young (2048K), 2 survivors (2048K)
 Metaspace       used 3341K, committed 3456K, reserved 1114112K
  class space    used 292K, committed 320K, reserved 1048576K
}
Event: 11.542 GC heap before
{Heap before GC invocations=1 (full 0):
 garbage-first heap   total 57344K, used 19392K [0x00000000c9c00000, 0x0000000100000000)
  region size 1024K, 16 young (16384K), 2 survivors (2048K)
 Metaspace       used 8422K, committed 8704K, reserved 1114112K
  class space    used 894K, committed 1024K, reserved 1048576K
}
Event: 11.552 GC heap after
{Heap after GC invocations=2 (full 0):
 garbage-first heap   total 57344K, used 7458K [0x00000000c9c00000, 0x0000000100000000)
  region size 1024K, 2 young (2048K), 2 survivors (2048K)
 Metaspace       used 8422K, committed 8704K, reserved 1114112K
  class space    used 894K, committed 1024K, reserved 1048576K
}
Event: 11.663 GC heap before
{Heap before GC invocations=2 (full 0):
 garbage-first heap   total 57344K, used 37154K [0x00000000c9c00000, 0x0000000100000000)
  region size 1024K, 31 young (31744K), 2 survivors (2048K)
 Metaspace       used 8624K, committed 8832K, reserved 1114112K
  class space    used 916K, committed 1024K, reserved 1048576K
}
Event: 11.670 GC heap after
{Heap after GC invocations=3 (full 0):
 garbage-first heap   total 57344K, used 8205K [0x00000000c9c00000, 0x0000000100000000)
  region size 1024K, 3 young (3072K), 3 survivors (3072K)
 Metaspace       used 8624K, committed 8832K, reserved 1114112K
  class space    used 916K, committed 1024K, reserved 1048576K
}

